<?xml version="1.0" encoding="UTF-8"?>
<coverage generated="1504292392317" clover="3.2.0">
  <project timestamp="1504292392317" name="All files">
    <metrics statements="8" coveredstatements="8" conditionals="2" coveredconditionals="2" methods="4" coveredmethods="4" elements="14" coveredelements="14" complexity="0" loc="8" ncloc="8" packages="1" files="1" classes="1">
      <file name="index.js" path="C:\Live\Projects\Hot\DungeonLogic\New\src\actions\index.js">
        <metrics statements="8" coveredstatements="8" conditionals="2" coveredconditionals="2" methods="4" coveredmethods="4"/>
        <line num="1" count="1" type="stmt"/>
        <line num="3" count="1" type="stmt"/>
        <line num="4" count="3" type="stmt"/>
        <line num="5" count="12" type="stmt"/>
        <line num="6" count="36" type="stmt"/>
        <line num="7" count="36" type="cond" truecount="2" falsecount="0"/>
        <line num="8" count="12" type="stmt"/>
        <line num="10" count="36" type="stmt"/>
      </file>
    </metrics>
  </project>
</coverage>
