{"C:\\Live\\Projects\\Hot\\DungeonLogic\\New\\src\\actions\\map.js": {"path":"C:\\Live\\Projects\\Hot\\DungeonLogic\\New\\src\\actions\\map.js","statementMap":{"0":{"start":{"line":1,"column":12},"end":{"line":15,"column":1}},"1":{"start":{"line":3,"column":2},"end":{"line":13,"column":4}},"2":{"start":{"line":4,"column":3},"end":{"line":12,"column":5}},"3":{"start":{"line":5,"column":4},"end":{"line":11,"column":6}},"4":{"start":{"line":6,"column":18},"end":{"line":6,"column":33}},"5":{"start":{"line":7,"column":5},"end":{"line":9,"column":6}},"6":{"start":{"line":8,"column":6},"end":{"line":8,"column":28}},"7":{"start":{"line":10,"column":5},"end":{"line":10,"column":19}}},"fnMap":{"0":{"name":"(anonymous_0)","decl":{"start":{"line":2,"column":9},"end":{"line":2,"column":10}},"loc":{"start":{"line":2,"column":24},"end":{"line":14,"column":2}},"line":2},"1":{"name":"(anonymous_1)","decl":{"start":{"line":3,"column":17},"end":{"line":3,"column":18}},"loc":{"start":{"line":3,"column":28},"end":{"line":13,"column":3}},"line":3},"2":{"name":"(anonymous_2)","decl":{"start":{"line":4,"column":22},"end":{"line":4,"column":23}},"loc":{"start":{"line":4,"column":33},"end":{"line":12,"column":4}},"line":4},"3":{"name":"(anonymous_3)","decl":{"start":{"line":5,"column":23},"end":{"line":5,"column":24}},"loc":{"start":{"line":5,"column":34},"end":{"line":11,"column":5}},"line":5}},"branchMap":{"0":{"loc":{"start":{"line":7,"column":5},"end":{"line":9,"column":6}},"type":"if","locations":[{"start":{"line":7,"column":5},"end":{"line":9,"column":6}},{"start":{"line":7,"column":5},"end":{"line":9,"column":6}}],"line":7}},"s":{"0":1,"1":1,"2":3,"3":12,"4":36,"5":36,"6":12,"7":36},"f":{"0":1,"1":3,"2":12,"3":36},"b":{"0":[12,24]},"_coverageSchema":"332fd63041d2c1bcb487cc26dd0d5f7d97098a6c","hash":"44a43a70a5c30ca67ba48e956549be192fc1eaae"}
}
